app/build/outputs/logs/manifest-merger-debug-report.txt
-- Merging decision tree log ---
manifest
ADDED from src\main\AndroidManifest.xml:2:1-52:12
	package
		ADDED from src\main\AndroidManifest.xml:3:5-37
		INJECTED from src\main\AndroidManifest.xml
		INJECTED from src\main\AndroidManifest.xml
	android:versionName
		ADDED from src\main\AndroidManifest.xml:5:5-30
	android:versionCode
		ADDED from src\main\AndroidManifest.xml:4:5-28
		INJECTED from src\main\AndroidManifest.xml
		INJECTED from src\main\AndroidManifest.xml
	xmlns:android
		ADDED from src\main\AndroidManifest.xml:2:11-69
uses-sdk
ADDED from src\main\AndroidManifest.xml:7:5-9:41
	android:targetSdkVersion
		ADDED from src\main\AndroidManifest.xml:9:9-38
		INJECTED from src\main\AndroidManifest.xml
		INJECTED from src\main\AndroidManifest.xml
	android:minSdkVersion
		ADDED from src\main\AndroidManifest.xml:8:9-35
		INJECTED from src\main\AndroidManifest.xml
		INJECTED from src\main\AndroidManifest.xml
android:uses-permission#android.permission.WRITE_EXTERNAL_STORAGE
ADDED from src\main\AndroidManifest.xml:11:5-89
	android:name
		ADDED from src\main\AndroidManifest.xml:11:30-86
android:uses-permission#android.permission.READ_PHONE_STATE
ADDED from src\main\AndroidManifest.xml:12:5-83
	android:name
		ADDED from src\main\AndroidManifest.xml:12:30-80
android:uses-permission#android.permission.READ_EXTERNAL_STORAGE
ADDED from src\main\AndroidManifest.xml:13:5-88
	android:name
		ADDED from src\main\AndroidManifest.xml:13:30-85
application
ADDED from src\main\AndroidManifest.xml:15:5-50:19
	android:allowBackup
		ADDED from src\main\AndroidManifest.xml:17:9-35
	android:icon
		ADDED from src\main\AndroidManifest.xml:18:9-45
	android:theme
		ADDED from src\main\AndroidManifest.xml:19:9-40
	android:name
		ADDED from src\main\AndroidManifest.xml:16:9-50
activity#com.gaozhen.fruitbuyer.activity.HomeActivity
ADDED from src\main\AndroidManifest.xml:20:9-28:20
	android:label
		ADDED from src\main\AndroidManifest.xml:22:13-45
	android:name
		ADDED from src\main\AndroidManifest.xml:21:13-50
intent-filter#android.intent.action.MAIN+android.intent.category.LAUNCHER
ADDED from src\main\AndroidManifest.xml:23:13-27:29
action#android.intent.action.MAIN
ADDED from src\main\AndroidManifest.xml:24:17-69
	android:name
		ADDED from src\main\AndroidManifest.xml:24:25-66
category#android.intent.category.LAUNCHER
ADDED from src\main\AndroidManifest.xml:26:17-77
	android:name
		ADDED from src\main\AndroidManifest.xml:26:27-74
activity#com.gaozhen.fruitbuyer.activity.MyOrderActivity
ADDED from src\main\AndroidManifest.xml:29:9-62
	android:name
		ADDED from src\main\AndroidManifest.xml:29:19-59
activity#com.gaozhen.fruitbuyer.activity.MyFruitFriendActivity
ADDED from src\main\AndroidManifest.xml:30:9-68
	android:name
		ADDED from src\main\AndroidManifest.xml:30:19-65
activity#com.gaozhen.fruitbuyer.activity.MyWalletActivity
ADDED from src\main\AndroidManifest.xml:31:9-63
	android:name
		ADDED from src\main\AndroidManifest.xml:31:19-60
activity#com.gaozhen.fruitbuyer.activity.SettingActivity
ADDED from src\main\AndroidManifest.xml:32:9-62
	android:name
		ADDED from src\main\AndroidManifest.xml:32:19-59
activity#com.gaozhen.fruitbuyer.activity.SeekActivity
ADDED from src\main\AndroidManifest.xml:33:9-59
	android:name
		ADDED from src\main\AndroidManifest.xml:33:19-56
activity#com.gaozhen.fruitbuyer.activity.OpeGardenActivity
ADDED from src\main\AndroidManifest.xml:34:9-64
	android:name
		ADDED from src\main\AndroidManifest.xml:34:19-61
activity#com.gaozhen.fruitbuyer.activity.MyCouponActivity
ADDED from src\main\AndroidManifest.xml:35:9-63
	android:name
		ADDED from src\main\AndroidManifest.xml:35:19-60
activity#com.gaozhen.fruitbuyer.activity.EditUserInfoActivity
ADDED from src\main\AndroidManifest.xml:36:9-67
	android:name
		ADDED from src\main\AndroidManifest.xml:36:19-64
activity#com.gaozhen.fruitbuyer.activity.FruitDetailActivity
ADDED from src\main\AndroidManifest.xml:37:9-66
	android:name
		ADDED from src\main\AndroidManifest.xml:37:19-63
activity#com.gaozhen.fruitbuyer.activity.LocationActivity
ADDED from src\main\AndroidManifest.xml:38:9-63
	android:name
		ADDED from src\main\AndroidManifest.xml:38:19-60
activity#com.gaozhen.fruitbuyer.activity.MesgeDetailActivity
ADDED from src\main\AndroidManifest.xml:39:9-66
	android:name
		ADDED from src\main\AndroidManifest.xml:39:19-63
activity#com.gaozhen.fruitbuyer.activity.MySystemMessageActivity
ADDED from src\main\AndroidManifest.xml:40:9-70
	android:name
		ADDED from src\main\AndroidManifest.xml:40:19-67
activity#com.gaozhen.fruitbuyer.activity.MyBillActivity
ADDED from src\main\AndroidManifest.xml:41:9-61
	android:name
		ADDED from src\main\AndroidManifest.xml:41:19-58
activity#com.gaozhen.fruitbuyer.activity.IndividuationActivity
ADDED from src\main\AndroidManifest.xml:42:9-68
	android:name
		ADDED from src\main\AndroidManifest.xml:42:19-65
activity#com.gaozhen.fruitbuyer.activity.GoodsDetailActivity
ADDED from src\main\AndroidManifest.xml:43:9-66
	android:name
		ADDED from src\main\AndroidManifest.xml:43:19-63
activity#com.gaozhen.fruitbuyer.activity.AttentionFruitActivity
ADDED from src\main\AndroidManifest.xml:44:9-69
	android:name
		ADDED from src\main\AndroidManifest.xml:44:19-66
activity#com.gaozhen.fruitbuyer.activity.MyShopActivity
ADDED from src\main\AndroidManifest.xml:45:9-61
	android:name
		ADDED from src\main\AndroidManifest.xml:45:19-58
activity#com.gaozhen.fruitbuyer.activity.AttentionFruiterActivity
ADDED from src\main\AndroidManifest.xml:46:9-71
	android:name
		ADDED from src\main\AndroidManifest.xml:46:19-68
activity#com.gaozhen.fruitbuyer.activity.MyIntegralActivity
ADDED from src\main\AndroidManifest.xml:47:9-65
	android:name
		ADDED from src\main\AndroidManifest.xml:47:19-62
activity#com.gaozhen.fruitbuyer.activity.ForActivity
ADDED from src\main\AndroidManifest.xml:48:9-49:20
	android:name
		ADDED from src\main\AndroidManifest.xml:48:19-55